<?xml version="1.0" encoding="UTF-8"?>
<!-- Generated by org.testng.reporters.JUnitReportReporter -->
<testsuite hostname="DESKTOP-133F7BS" failures="0" tests="1" name="com.actitime.testscripts.CreateProject" time="34.035" errors="0" timestamp="2023-07-22T00:20:13 IST" skipped="0">
  <testcase classname="com.actitime.testscripts.CreateProject" name="testCreateProject" time="34.035"/>
  <system-out>
    <![CDATA[Open the browser
Login the application
Logout the application
Close the browser]]>
  </system-out>
</testsuite> <!-- com.actitime.testscripts.CreateProject -->
