<?xml version="1.0" encoding="UTF-8"?>
<!-- Generated by org.testng.reporters.JUnitReportReporter -->
<testsuite hostname="DESKTOP-133F7BS" failures="0" tests="1" name="com.actitime.testscripts.CreateCustomer" time="46.877" errors="0" timestamp="2023-07-21T22:55:13 IST" skipped="0">
  <testcase classname="com.actitime.testscripts.CreateCustomer" name="testCreateCustomer" time="46.877">
    <system-out>
      <![CDATA[create customer]]>
    </system-out>
  </testcase> <!-- testCreateCustomer -->
  <system-out>
    <![CDATA[Open the browser
Login the application
create customer
Logout the application
Close the browser]]>
  </system-out>
</testsuite> <!-- com.actitime.testscripts.CreateCustomer -->
